Started GET "/" for 127.0.0.1 at 2022-11-05 11:11:37 +0200
  
ActiveRecord::NoDatabaseError (We could not find your database: yourGallerie_development. Which can be found in the database configuration file located at config/database.yml.

To resolve this issue:

- Did you create the database for this app, or delete it? You may need to create your database.
- Has the database name changed? Check your database.yml config has the correct database name.

To create your database, run:

        bin/rails db:create
):
  
activerecord (7.0.3.1) lib/active_record/connection_adapters/postgresql_adapter.rb:81:in `rescue in new_client'
activerecord (7.0.3.1) lib/active_record/connection_adapters/postgresql_adapter.rb:77:in `new_client'
activerecord (7.0.3.1) lib/active_record/connection_adapters/postgresql_adapter.rb:37:in `postgresql_connection'
activerecord (7.0.3.1) lib/active_record/connection_adapters/abstract/connection_pool.rb:656:in `public_send'
activerecord (7.0.3.1) lib/active_record/connection_adapters/abstract/connection_pool.rb:656:in `new_connection'
activerecord (7.0.3.1) lib/active_record/connection_adapters/abstract/connection_pool.rb:700:in `checkout_new_connection'
activerecord (7.0.3.1) lib/active_record/connection_adapters/abstract/connection_pool.rb:679:in `try_to_checkout_new_connection'
activerecord (7.0.3.1) lib/active_record/connection_adapters/abstract/connection_pool.rb:640:in `acquire_connection'
activerecord (7.0.3.1) lib/active_record/connection_adapters/abstract/connection_pool.rb:341:in `checkout'
activerecord (7.0.3.1) lib/active_record/connection_adapters/abstract/connection_pool.rb:181:in `connection'
activerecord (7.0.3.1) lib/active_record/connection_adapters/abstract/connection_handler.rb:211:in `retrieve_connection'
activerecord (7.0.3.1) lib/active_record/connection_handling.rb:313:in `retrieve_connection'
activerecord (7.0.3.1) lib/active_record/connection_handling.rb:280:in `connection'
activerecord (7.0.3.1) lib/active_record/migration.rb:613:in `connection'
activerecord (7.0.3.1) lib/active_record/migration.rb:608:in `build_watcher'
activerecord (7.0.3.1) lib/active_record/migration.rb:590:in `block in call'
activerecord (7.0.3.1) lib/active_record/migration.rb:589:in `synchronize'
activerecord (7.0.3.1) lib/active_record/migration.rb:589:in `call'
actionpack (7.0.3.1) lib/action_dispatch/middleware/callbacks.rb:27:in `block in call'
activesupport (7.0.3.1) lib/active_support/callbacks.rb:99:in `run_callbacks'
actionpack (7.0.3.1) lib/action_dispatch/middleware/callbacks.rb:26:in `call'
actionpack (7.0.3.1) lib/action_dispatch/middleware/executor.rb:14:in `call'
actionpack (7.0.3.1) lib/action_dispatch/middleware/actionable_exceptions.rb:17:in `call'
actionpack (7.0.3.1) lib/action_dispatch/middleware/debug_exceptions.rb:28:in `call'
web-console (4.2.0) lib/web_console/middleware.rb:132:in `call_app'
web-console (4.2.0) lib/web_console/middleware.rb:28:in `block in call'
web-console (4.2.0) lib/web_console/middleware.rb:17:in `catch'
web-console (4.2.0) lib/web_console/middleware.rb:17:in `call'
actionpack (7.0.3.1) lib/action_dispatch/middleware/show_exceptions.rb:26:in `call'
railties (7.0.3.1) lib/rails/rack/logger.rb:40:in `call_app'
railties (7.0.3.1) lib/rails/rack/logger.rb:25:in `block in call'
activesupport (7.0.3.1) lib/active_support/tagged_logging.rb:114:in `block in tagged'
activesupport (7.0.3.1) lib/active_support/tagged_logging.rb:38:in `tagged'
activesupport (7.0.3.1) lib/active_support/tagged_logging.rb:114:in `tagged'
railties (7.0.3.1) lib/rails/rack/logger.rb:25:in `call'
sprockets-rails (3.4.2) lib/sprockets/rails/quiet_assets.rb:13:in `call'
actionpack (7.0.3.1) lib/action_dispatch/middleware/remote_ip.rb:93:in `call'
actionpack (7.0.3.1) lib/action_dispatch/middleware/request_id.rb:26:in `call'
rack (2.2.4) lib/rack/method_override.rb:24:in `call'
rack (2.2.4) lib/rack/runtime.rb:22:in `call'
activesupport (7.0.3.1) lib/active_support/cache/strategy/local_cache_middleware.rb:29:in `call'
actionpack (7.0.3.1) lib/action_dispatch/middleware/server_timing.rb:20:in `call'
actionpack (7.0.3.1) lib/action_dispatch/middleware/executor.rb:14:in `call'
actionpack (7.0.3.1) lib/action_dispatch/middleware/static.rb:23:in `call'
rack (2.2.4) lib/rack/sendfile.rb:110:in `call'
actionpack (7.0.3.1) lib/action_dispatch/middleware/host_authorization.rb:137:in `call'
railties (7.0.3.1) lib/rails/engine.rb:530:in `call'
puma (5.6.5) lib/puma/configuration.rb:252:in `call'
puma (5.6.5) lib/puma/request.rb:77:in `block in handle_request'
puma (5.6.5) lib/puma/thread_pool.rb:340:in `with_force_shutdown'
puma (5.6.5) lib/puma/request.rb:76:in `handle_request'
puma (5.6.5) lib/puma/server.rb:443:in `process_client'
puma (5.6.5) lib/puma/thread_pool.rb:147:in `block in spawn_thread'
  [1m[35m (1575.1ms)[0m  [1m[35mCREATE DATABASE "yourGallerie_development" ENCODING = 'unicode'[0m
  [1m[35m (1212.3ms)[0m  [1m[35mCREATE DATABASE "yourGallerie_test" ENCODING = 'unicode'[0m
Started GET "/" for 127.0.0.1 at 2022-11-05 11:19:44 +0200
Processing by Rails::WelcomeController#index as HTML
  Rendering /home/anicetfantomas/.rbenv/versions/3.1.2/lib/ruby/gems/3.1.0/gems/railties-7.0.3.1/lib/rails/templates/rails/welcome/index.html.erb
  Rendered /home/anicetfantomas/.rbenv/versions/3.1.2/lib/ruby/gems/3.1.0/gems/railties-7.0.3.1/lib/rails/templates/rails/welcome/index.html.erb (Duration: 26.3ms | Allocations: 329)
Completed 200 OK in 83ms (Views: 29.3ms | ActiveRecord: 0.0ms | Allocations: 2819)


  [1m[35m (216.6ms)[0m  [1m[35mCREATE TABLE "schema_migrations" ("version" character varying NOT NULL PRIMARY KEY)[0m
  [1m[35m (135.1ms)[0m  [1m[35mCREATE TABLE "ar_internal_metadata" ("key" character varying NOT NULL PRIMARY KEY, "value" character varying, "created_at" timestamp(6) NOT NULL, "updated_at" timestamp(6) NOT NULL)[0m
  [1m[35m (0.5ms)[0m  [1m[34mSELECT pg_try_advisory_lock(214204892411387325)[0m
  [1m[36mActiveRecord::SchemaMigration Pluck (1.7ms)[0m  [1m[34mSELECT "schema_migrations"."version" FROM "schema_migrations" ORDER BY "schema_migrations"."version" ASC[0m
Migrating to CreatePins (20221105092007)
  [1m[36mTRANSACTION (0.3ms)[0m  [1m[35mBEGIN[0m
  [1m[35m (130.1ms)[0m  [1m[35mCREATE TABLE "pins" ("id" bigserial primary key, "title" character varying, "created_at" timestamp(6) NOT NULL, "updated_at" timestamp(6) NOT NULL)[0m
  [1m[36mActiveRecord::SchemaMigration Create (0.7ms)[0m  [1m[32mINSERT INTO "schema_migrations" ("version") VALUES ($1) RETURNING "version"[0m  [["version", "20221105092007"]]
  [1m[36mTRANSACTION (56.4ms)[0m  [1m[35mCOMMIT[0m
Migrating to CreateActiveStorageTables (20221105092100)
  [1m[36mTRANSACTION (0.3ms)[0m  [1m[35mBEGIN[0m
  [1m[35m (188.2ms)[0m  [1m[35mCREATE TABLE "active_storage_blobs" ("id" bigserial primary key, "key" character varying NOT NULL, "filename" character varying NOT NULL, "content_type" character varying, "metadata" text, "service_name" character varying NOT NULL, "byte_size" bigint NOT NULL, "checksum" character varying, "created_at" timestamp(6) NOT NULL)[0m
  [1m[35m (54.1ms)[0m  [1m[35mCREATE UNIQUE INDEX "index_active_storage_blobs_on_key" ON "active_storage_blobs" ("key")[0m
  [1m[35m (122.6ms)[0m  [1m[35mCREATE TABLE "active_storage_attachments" ("id" bigserial primary key, "name" character varying NOT NULL, "record_type" character varying NOT NULL, "record_id" bigint NOT NULL, "blob_id" bigint NOT NULL, "created_at" timestamp(6) NOT NULL, CONSTRAINT "fk_rails_c3b3935057"
FOREIGN KEY ("blob_id")
  REFERENCES "active_storage_blobs" ("id")
)[0m
  [1m[35m (85.7ms)[0m  [1m[35mCREATE INDEX "index_active_storage_attachments_on_blob_id" ON "active_storage_attachments" ("blob_id")[0m
  [1m[35m (54.4ms)[0m  [1m[35mCREATE UNIQUE INDEX "index_active_storage_attachments_uniqueness" ON "active_storage_attachments" ("record_type", "record_id", "name", "blob_id")[0m
  [1m[35m (255.3ms)[0m  [1m[35mCREATE TABLE "active_storage_variant_records" ("id" bigserial primary key, "blob_id" bigint NOT NULL, "variation_digest" character varying NOT NULL, CONSTRAINT "fk_rails_993965df05"
FOREIGN KEY ("blob_id")
  REFERENCES "active_storage_blobs" ("id")
)[0m
  [1m[35m (64.4ms)[0m  [1m[35mCREATE UNIQUE INDEX "index_active_storage_variant_records_uniqueness" ON "active_storage_variant_records" ("blob_id", "variation_digest")[0m
  [1m[36mActiveRecord::SchemaMigration Create (0.6ms)[0m  [1m[32mINSERT INTO "schema_migrations" ("version") VALUES ($1) RETURNING "version"[0m  [["version", "20221105092100"]]
  [1m[36mTRANSACTION (41.4ms)[0m  [1m[35mCOMMIT[0m
  [1m[36mActiveRecord::InternalMetadata Load (0.7ms)[0m  [1m[34mSELECT "ar_internal_metadata".* FROM "ar_internal_metadata" WHERE "ar_internal_metadata"."key" = $1 LIMIT $2[0m  [["key", "environment"], ["LIMIT", 1]]
  [1m[36mTRANSACTION (0.3ms)[0m  [1m[35mBEGIN[0m
  [1m[36mActiveRecord::InternalMetadata Create (0.9ms)[0m  [1m[32mINSERT INTO "ar_internal_metadata" ("key", "value", "created_at", "updated_at") VALUES ($1, $2, $3, $4) RETURNING "key"[0m  [["key", "environment"], ["value", "development"], ["created_at", "2022-11-05 09:21:29.491101"], ["updated_at", "2022-11-05 09:21:29.491101"]]
  [1m[36mTRANSACTION (74.3ms)[0m  [1m[35mCOMMIT[0m
  [1m[35m (0.8ms)[0m  [1m[34mSELECT pg_advisory_unlock(214204892411387325)[0m
  [1m[36mActiveRecord::SchemaMigration Pluck (1.0ms)[0m  [1m[34mSELECT "schema_migrations"."version" FROM "schema_migrations" ORDER BY "schema_migrations"."version" ASC[0m
  [1m[35m (0.4ms)[0m  [1m[34mSELECT pg_try_advisory_lock(214204892411387325)[0m
  [1m[36mActiveRecord::SchemaMigration Pluck (1.1ms)[0m  [1m[34mSELECT "schema_migrations"."version" FROM "schema_migrations" ORDER BY "schema_migrations"."version" ASC[0m
Migrating to CreateActionTextTables (20221105092233)
  [1m[36mTRANSACTION (0.3ms)[0m  [1m[35mBEGIN[0m
  [1m[35m (161.5ms)[0m  [1m[35mCREATE TABLE "action_text_rich_texts" ("id" bigserial primary key, "name" character varying NOT NULL, "body" text, "record_type" character varying NOT NULL, "record_id" bigint NOT NULL, "created_at" timestamp(6) NOT NULL, "updated_at" timestamp(6) NOT NULL)[0m
  [1m[35m (52.1ms)[0m  [1m[35mCREATE UNIQUE INDEX "index_action_text_rich_texts_uniqueness" ON "action_text_rich_texts" ("record_type", "record_id", "name")[0m
  [1m[36mActiveRecord::SchemaMigration Create (0.8ms)[0m  [1m[32mINSERT INTO "schema_migrations" ("version") VALUES ($1) RETURNING "version"[0m  [["version", "20221105092233"]]
  [1m[36mTRANSACTION (16.3ms)[0m  [1m[35mCOMMIT[0m
  [1m[36mActiveRecord::InternalMetadata Load (0.7ms)[0m  [1m[34mSELECT "ar_internal_metadata".* FROM "ar_internal_metadata" WHERE "ar_internal_metadata"."key" = $1 LIMIT $2[0m  [["key", "environment"], ["LIMIT", 1]]
  [1m[35m (0.5ms)[0m  [1m[34mSELECT pg_advisory_unlock(214204892411387325)[0m
  [1m[36mActiveRecord::SchemaMigration Pluck (1.5ms)[0m  [1m[34mSELECT "schema_migrations"."version" FROM "schema_migrations" ORDER BY "schema_migrations"."version" ASC[0m
Started GET "/" for 127.0.0.1 at 2022-11-05 12:27:32 +0200
  [1m[36mActiveRecord::SchemaMigration Pluck (1.7ms)[0m  [1m[34mSELECT "schema_migrations"."version" FROM "schema_migrations" ORDER BY "schema_migrations"."version" ASC[0m
Processing by PinsController#index as HTML
  Rendering layout layouts/application.html.erb
  Rendering pins/index.html.erb within layouts/application
  [1m[36mPin Load (0.7ms)[0m  [1m[34mSELECT "pins".* FROM "pins"[0m
  ↳ app/views/pins/index.html.erb:6
  Rendered pins/index.html.erb within layouts/application (Duration: 11.6ms | Allocations: 1434)
  Rendered layout layouts/application.html.erb (Duration: 935.7ms | Allocations: 78200)
Completed 200 OK in 983ms (Views: 938.5ms | ActiveRecord: 0.7ms | Allocations: 83887)


Started GET "/pins/new" for 127.0.0.1 at 2022-11-05 12:27:36 +0200
Processing by PinsController#new as HTML
  Rendering layout layouts/application.html.erb
  Rendering pins/new.html.erb within layouts/application
  Rendered pins/_form.html.erb (Duration: 4.3ms | Allocations: 1530)
  Rendered pins/new.html.erb within layouts/application (Duration: 7.2ms | Allocations: 1859)
  Rendered layout layouts/application.html.erb (Duration: 7.9ms | Allocations: 1953)
Completed 500 Internal Server Error in 31ms (ActiveRecord: 9.0ms | Allocations: 4912)


  
ActionView::SyntaxErrorInTemplate (Encountered a syntax error while rendering template: check <%= form_with(model: pin) do |form| %>
  <% if pin.errors.any? %>
    <div style="color: red">
      <h2><%= pluralize(pin.errors.count, "error") %> prohibited this pin from being saved:</h2>

      <ul>
        <% pin.errors.each do |error| %>
          <li><%= error.full_message %></li>
        <% end %>
      </ul>
    </div>
  <% end %>

  <div>
    <%= form.label :title, style: "display: block" %>
    <%= form.text_field :title %>
  </div>

  <div>
    <%= form.rich_text_area :body %>
  </div>

  <div>
    <% form.label :image %>
    <%= form.file_field :image %>
  </div>

   <div>
    <% form.label :pictures %>
    <%= form.file_field :pictures multiple: true %>
  </div>

  <div>
    <%= form.submit %>
  </div>
<% end %>

):
1:    <%= form_with(model: pin) do |form| %>
2:      <% if pin.errors.any? %>
3:        <div style="color: red">
4:          <h2><%= pluralize(pin.errors.count, "error") %> prohibited this pin from being saved:</h2>
5:    
6:          <ul>
7:            <% pin.errors.each do |error| %>
8:              <li><%= error.full_message %></li>
9:            <% end %>
10:          </ul>
11:        </div>
12:      <% end %>
13:    
14:      <div>
15:        <%= form.label :title, style: "display: block" %>
16:        <%= form.text_field :title %>
17:      </div>
18:    
19:      <div>
20:        <%= form.rich_text_area :body %>
21:      </div>
22:    
23:      <div>
24:        <% form.label :image %>
25:        <%= form.file_field :image %>
26:      </div>
27:    
28:       <div>
29:        <% form.label :pictures %>
30:        <%= form.file_field :pictures multiple: true %>
31:      </div>
32:    
33:      <div>
34:        <%= form.submit %>
35:      </div>
36:    <% end %>
  
app/views/pins/_form.html.erb:30: syntax error, unexpected local variable or method, expecting ')'
app/views/pins/_form.html.erb:30: syntax error, unexpected local variable or method, expecting ')'
app/views/pins/_form.html.erb:30: syntax error, unexpected local variable or method, expecting ')'
app/views/pins/_form.html.erb:30: syntax error, unexpected local variable or method, expecting ')'
app/views/pins/_form.html.erb:30: syntax error, unexpected local variable or method, expecting ')'
app/views/pins/_form.html.erb:30: syntax error, unexpected local variable or method, expecting ')'
app/views/pins/new.html.erb:3
Started GET "/pins/new" for 127.0.0.1 at 2022-11-05 12:29:22 +0200
Processing by PinsController#new as HTML
  Rendering layout layouts/application.html.erb
  Rendering pins/new.html.erb within layouts/application
  Rendered pins/_form.html.erb (Duration: 206.4ms | Allocations: 25066)
  Rendered pins/new.html.erb within layouts/application (Duration: 208.7ms | Allocations: 25437)
  Rendered layout layouts/application.html.erb (Duration: 221.1ms | Allocations: 27524)
Completed 200 OK in 228ms (Views: 220.5ms | ActiveRecord: 5.3ms | Allocations: 28361)


Started POST "/pins" for 127.0.0.1 at 2022-11-05 12:33:19 +0200
Processing by PinsController#create as HTML
  Parameters: {"authenticity_token"=>"[FILTERED]", "pin"=>{"title"=>"My birthday", "body"=>"", "image"=>#<ActionDispatch::Http::UploadedFile:0x00007f1d48024380 @tempfile=#<Tempfile:/tmp/RackMultipart20221105-19698-z3r9nr.jpeg>, @original_filename="94958024.jpeg", @content_type="image/jpeg", @headers="Content-Disposition: form-data; name=\"pin[image]\"; filename=\"94958024.jpeg\"\r\nContent-Type: image/jpeg\r\n">, "pictures"=>["", #<ActionDispatch::Http::UploadedFile:0x00007f1d48024290 @tempfile=#<Tempfile:/tmp/RackMultipart20221105-19698-pk2saj.jpeg>, @original_filename="KivuGreen.jpeg", @content_type="image/jpeg", @headers="Content-Disposition: form-data; name=\"pin[pictures][]\"; filename=\"KivuGreen.jpeg\"\r\nContent-Type: image/jpeg\r\n">]}, "commit"=>"Create Pin"}
  [1m[36mTRANSACTION (0.3ms)[0m  [1m[35mBEGIN[0m
  ↳ app/controllers/pins_controller.rb:27:in `block in create'
  [1m[36mPin Create (1.1ms)[0m  [1m[32mINSERT INTO "pins" ("title", "created_at", "updated_at") VALUES ($1, $2, $3) RETURNING "id"[0m  [["title", "My birthday"], ["created_at", "2022-11-05 10:33:19.549918"], ["updated_at", "2022-11-05 10:33:19.549918"]]
  ↳ app/controllers/pins_controller.rb:27:in `block in create'
  [1m[36mActionText::RichText Create (0.9ms)[0m  [1m[32mINSERT INTO "action_text_rich_texts" ("name", "body", "record_type", "record_id", "created_at", "updated_at") VALUES ($1, $2, $3, $4, $5, $6) RETURNING "id"[0m  [["name", "body"], ["body", ""], ["record_type", "Pin"], ["record_id", 1], ["created_at", "2022-11-05 10:33:19.620826"], ["updated_at", "2022-11-05 10:33:19.620826"]]
  ↳ app/controllers/pins_controller.rb:27:in `block in create'
  [1m[36mActiveStorage::Blob Load (1.5ms)[0m  [1m[34mSELECT "active_storage_blobs".* FROM "active_storage_blobs" INNER JOIN "active_storage_attachments" ON "active_storage_blobs"."id" = "active_storage_attachments"."blob_id" WHERE "active_storage_attachments"."record_id" = $1 AND "active_storage_attachments"."record_type" = $2 AND "active_storage_attachments"."name" = $3 LIMIT $4[0m  [["record_id", 1], ["record_type", "Pin"], ["name", "image"], ["LIMIT", 1]]
  ↳ app/controllers/pins_controller.rb:27:in `block in create'
  [1m[36mActiveStorage::Attachment Load (0.5ms)[0m  [1m[34mSELECT "active_storage_attachments".* FROM "active_storage_attachments" WHERE "active_storage_attachments"."record_id" = $1 AND "active_storage_attachments"."record_type" = $2 AND "active_storage_attachments"."name" = $3 LIMIT $4[0m  [["record_id", 1], ["record_type", "Pin"], ["name", "image"], ["LIMIT", 1]]
  ↳ app/controllers/pins_controller.rb:27:in `block in create'
  [1m[36mActiveStorage::Blob Create (1.2ms)[0m  [1m[32mINSERT INTO "active_storage_blobs" ("key", "filename", "content_type", "metadata", "service_name", "byte_size", "checksum", "created_at") VALUES ($1, $2, $3, $4, $5, $6, $7, $8) RETURNING "id"[0m  [["key", "qyjciulp7sl8t4j0q7624nfl1gji"], ["filename", "94958024.jpeg"], ["content_type", "image/jpeg"], ["metadata", "{\"identified\":true}"], ["service_name", "local"], ["byte_size", 14294], ["checksum", "Z/IMZFo0sa+s1nzZ5VuI4Q=="], ["created_at", "2022-11-05 10:33:19.659367"]]
  ↳ app/controllers/pins_controller.rb:27:in `block in create'
  [1m[36mActiveStorage::Attachment Create (24.4ms)[0m  [1m[32mINSERT INTO "active_storage_attachments" ("name", "record_type", "record_id", "blob_id", "created_at") VALUES ($1, $2, $3, $4, $5) RETURNING "id"[0m  [["name", "image"], ["record_type", "Pin"], ["record_id", 1], ["blob_id", 1], ["created_at", "2022-11-05 10:33:19.665899"]]
  ↳ app/controllers/pins_controller.rb:27:in `block in create'
  [1m[36mActiveStorage::Blob Create (0.7ms)[0m  [1m[32mINSERT INTO "active_storage_blobs" ("key", "filename", "content_type", "metadata", "service_name", "byte_size", "checksum", "created_at") VALUES ($1, $2, $3, $4, $5, $6, $7, $8) RETURNING "id"[0m  [["key", "q89lzaiok5hbmh12fn33iuh7q7y0"], ["filename", "KivuGreen.jpeg"], ["content_type", "image/jpeg"], ["metadata", "{\"identified\":true}"], ["service_name", "local"], ["byte_size", 67930], ["checksum", "pVXvE91KZCohT8kAVsNULQ=="], ["created_at", "2022-11-05 10:33:19.699114"]]
  ↳ app/controllers/pins_controller.rb:27:in `block in create'
  [1m[36mActiveStorage::Attachment Create (0.8ms)[0m  [1m[32mINSERT INTO "active_storage_attachments" ("name", "record_type", "record_id", "blob_id", "created_at") VALUES ($1, $2, $3, $4, $5) RETURNING "id"[0m  [["name", "pictures"], ["record_type", "Pin"], ["record_id", 1], ["blob_id", 2], ["created_at", "2022-11-05 10:33:19.704107"]]
  ↳ app/controllers/pins_controller.rb:27:in `block in create'
  [1m[36mPin Update (0.7ms)[0m  [1m[33mUPDATE "pins" SET "updated_at" = $1 WHERE "pins"."id" = $2[0m  [["updated_at", "2022-11-05 10:33:19.709458"], ["id", 1]]
  ↳ app/controllers/pins_controller.rb:27:in `block in create'
  [1m[36mTRANSACTION (21.0ms)[0m  [1m[35mCOMMIT[0m
  ↳ app/controllers/pins_controller.rb:27:in `block in create'
[36m  Disk Storage (1.1ms) [0m[32mUploaded file to key: q89lzaiok5hbmh12fn33iuh7q7y0 (checksum: pVXvE91KZCohT8kAVsNULQ==)[0m
[36m  Disk Storage (0.7ms) [0m[32mUploaded file to key: qyjciulp7sl8t4j0q7624nfl1gji (checksum: Z/IMZFo0sa+s1nzZ5VuI4Q==)[0m
[ActiveJob] Enqueued ActiveStorage::AnalyzeJob (Job ID: 4150afd0-6988-4bbc-bc7f-58bd7a8ff524) to Async(default) with arguments: #<GlobalID:0x00007f1d49823738 @uri=#<URI::GID gid://project/ActiveStorage::Blob/1>>
[ActiveJob] Enqueued ActiveStorage::AnalyzeJob (Job ID: d57f73cd-ef3b-45bc-b7fc-685b666a0a54) to Async(default) with arguments: #<GlobalID:0x00007f1d49825d58 @uri=#<URI::GID gid://project/ActiveStorage::Blob/2>>
Redirected to http://127.0.0.1:3000/pins/1
Completed 302 Found in 374ms (ActiveRecord: 64.2ms | Allocations: 43821)


[ActiveJob] [ActiveStorage::AnalyzeJob] [4150afd0-6988-4bbc-bc7f-58bd7a8ff524]   [1m[36mActiveStorage::Blob Load (0.5ms)[0m  [1m[34mSELECT "active_storage_blobs".* FROM "active_storage_blobs" WHERE "active_storage_blobs"."id" = $1 LIMIT $2[0m  [["id", 1], ["LIMIT", 1]]
[ActiveJob] [ActiveStorage::AnalyzeJob] [4150afd0-6988-4bbc-bc7f-58bd7a8ff524] Performing ActiveStorage::AnalyzeJob (Job ID: 4150afd0-6988-4bbc-bc7f-58bd7a8ff524) from Async(default) enqueued at 2022-11-05T10:33:19Z with arguments: #<GlobalID:0x00007f1d497be568 @uri=#<URI::GID gid://project/ActiveStorage::Blob/1>>
Started GET "/pins/1" for 127.0.0.1 at 2022-11-05 12:33:19 +0200
Processing by PinsController#show as HTML
  Parameters: {"id"=>"1"}
[ActiveJob] [ActiveStorage::AnalyzeJob] [4150afd0-6988-4bbc-bc7f-58bd7a8ff524] [36m  Disk Storage (2.7ms) [0m[34mDownloaded file from key: qyjciulp7sl8t4j0q7624nfl1gji[0m
[ActiveJob] [ActiveStorage::AnalyzeJob] [4150afd0-6988-4bbc-bc7f-58bd7a8ff524] Skipping image analysis because the ruby-vips gem isn't installed
[ActiveJob] [ActiveStorage::AnalyzeJob] [4150afd0-6988-4bbc-bc7f-58bd7a8ff524]   [1m[36mTRANSACTION (0.4ms)[0m  [1m[35mBEGIN[0m
[ActiveJob] [ActiveStorage::AnalyzeJob] [4150afd0-6988-4bbc-bc7f-58bd7a8ff524]   [1m[36mActiveStorage::Blob Update (1.2ms)[0m  [1m[33mUPDATE "active_storage_blobs" SET "metadata" = $1 WHERE "active_storage_blobs"."id" = $2[0m  [["metadata", "{\"identified\":true,\"analyzed\":true}"], ["id", 1]]
[ActiveJob] [ActiveStorage::AnalyzeJob] [d57f73cd-ef3b-45bc-b7fc-685b666a0a54]   [1m[36mActiveStorage::Blob Load (0.7ms)[0m  [1m[34mSELECT "active_storage_blobs".* FROM "active_storage_blobs" WHERE "active_storage_blobs"."id" = $1 LIMIT $2[0m  [["id", 2], ["LIMIT", 1]]
  [1m[36mPin Load (0.8ms)[0m  [1m[34mSELECT "pins".* FROM "pins" WHERE "pins"."id" = $1 LIMIT $2[0m  [["id", 1], ["LIMIT", 1]]
  ↳ app/controllers/pins_controller.rb:63:in `set_pin'
[ActiveJob] [ActiveStorage::AnalyzeJob] [d57f73cd-ef3b-45bc-b7fc-685b666a0a54] Performing ActiveStorage::AnalyzeJob (Job ID: d57f73cd-ef3b-45bc-b7fc-685b666a0a54) from Async(default) enqueued at 2022-11-05T10:33:19Z with arguments: #<GlobalID:0x00007f1d49761638 @uri=#<URI::GID gid://project/ActiveStorage::Blob/2>>
  Rendering layout layouts/application.html.erb
  Rendering pins/show.html.erb within layouts/application
[ActiveJob] [ActiveStorage::AnalyzeJob] [d57f73cd-ef3b-45bc-b7fc-685b666a0a54] [36m  Disk Storage (0.9ms) [0m[34mDownloaded file from key: q89lzaiok5hbmh12fn33iuh7q7y0[0m
[ActiveJob] [ActiveStorage::AnalyzeJob] [4150afd0-6988-4bbc-bc7f-58bd7a8ff524]   [1m[36mTRANSACTION (31.9ms)[0m  [1m[35mCOMMIT[0m
[ActiveJob] [ActiveStorage::AnalyzeJob] [4150afd0-6988-4bbc-bc7f-58bd7a8ff524] Performed ActiveStorage::AnalyzeJob (Job ID: 4150afd0-6988-4bbc-bc7f-58bd7a8ff524) from Async(default) in 130.58ms
[ActiveJob] [ActiveStorage::AnalyzeJob] [d57f73cd-ef3b-45bc-b7fc-685b666a0a54] Skipping image analysis because the ruby-vips gem isn't installed
[ActiveJob] [ActiveStorage::AnalyzeJob] [d57f73cd-ef3b-45bc-b7fc-685b666a0a54]   [1m[36mTRANSACTION (0.6ms)[0m  [1m[35mBEGIN[0m
[ActiveJob] [ActiveStorage::AnalyzeJob] [d57f73cd-ef3b-45bc-b7fc-685b666a0a54]   [1m[36mActiveStorage::Blob Update (2.8ms)[0m  [1m[33mUPDATE "active_storage_blobs" SET "metadata" = $1 WHERE "active_storage_blobs"."id" = $2[0m  [["metadata", "{\"identified\":true,\"analyzed\":true}"], ["id", 2]]
  [1m[36mActionText::RichText Load (0.8ms)[0m  [1m[34mSELECT "action_text_rich_texts".* FROM "action_text_rich_texts" WHERE "action_text_rich_texts"."record_id" = $1 AND "action_text_rich_texts"."record_type" = $2 AND "action_text_rich_texts"."name" = $3 LIMIT $4[0m  [["record_id", 1], ["record_type", "Pin"], ["name", "body"], ["LIMIT", 1]]
  ↳ app/views/pins/_pin.html.erb:9
  Rendered /home/anicetfantomas/.rbenv/versions/3.1.2/lib/ruby/gems/3.1.0/gems/actiontext-7.0.3.1/app/views/action_text/contents/_content.html.erb within layouts/action_text/contents/_content (Duration: 71.2ms | Allocations: 325)
  [1m[36mActiveStorage::Attachment Load (0.7ms)[0m  [1m[34mSELECT "active_storage_attachments".* FROM "active_storage_attachments" WHERE "active_storage_attachments"."record_id" = $1 AND "active_storage_attachments"."record_type" = $2 AND "active_storage_attachments"."name" = $3[0m  [["record_id", 1], ["record_type", "Pin"], ["name", "pictures"]]
  ↳ app/views/pins/_pin.html.erb:18
  Rendered pins/_pin.html.erb (Duration: 95.0ms | Allocations: 5195)
  Rendered pins/show.html.erb within layouts/application (Duration: 130.8ms | Allocations: 7982)
  Rendered layout layouts/application.html.erb (Duration: 136.0ms | Allocations: 9788)
Completed 200 OK in 184ms (Views: 135.6ms | ActiveRecord: 27.3ms | Allocations: 19912)


[ActiveJob] [ActiveStorage::AnalyzeJob] [d57f73cd-ef3b-45bc-b7fc-685b666a0a54]   [1m[36mTRANSACTION (110.5ms)[0m  [1m[35mCOMMIT[0m
[ActiveJob] [ActiveStorage::AnalyzeJob] [d57f73cd-ef3b-45bc-b7fc-685b666a0a54] Performed ActiveStorage::AnalyzeJob (Job ID: d57f73cd-ef3b-45bc-b7fc-685b666a0a54) from Async(default) in 218.69ms
Started GET "/pins" for 127.0.0.1 at 2022-11-05 12:34:02 +0200
Processing by PinsController#index as HTML
  Rendering layout layouts/application.html.erb
  Rendering pins/index.html.erb within layouts/application
  [1m[36mPin Load (0.7ms)[0m  [1m[34mSELECT "pins".* FROM "pins"[0m
  ↳ app/views/pins/index.html.erb:6
  [1m[36mActionText::RichText Load (0.9ms)[0m  [1m[34mSELECT "action_text_rich_texts".* FROM "action_text_rich_texts" WHERE "action_text_rich_texts"."record_id" = $1 AND "action_text_rich_texts"."record_type" = $2 AND "action_text_rich_texts"."name" = $3 LIMIT $4[0m  [["record_id", 1], ["record_type", "Pin"], ["name", "body"], ["LIMIT", 1]]
  ↳ app/views/pins/_pin.html.erb:9
  Rendered /home/anicetfantomas/.rbenv/versions/3.1.2/lib/ruby/gems/3.1.0/gems/actiontext-7.0.3.1/app/views/action_text/contents/_content.html.erb within layouts/action_text/contents/_content (Duration: 0.5ms | Allocations: 68)
  [1m[36mActiveStorage::Attachment Load (0.9ms)[0m  [1m[34mSELECT "active_storage_attachments".* FROM "active_storage_attachments" WHERE "active_storage_attachments"."record_id" = $1 AND "active_storage_attachments"."record_type" = $2 AND "active_storage_attachments"."name" = $3[0m  [["record_id", 1], ["record_type", "Pin"], ["name", "pictures"]]
  ↳ app/views/pins/_pin.html.erb:18
  Rendered pins/_pin.html.erb (Duration: 16.3ms | Allocations: 2346)
  Rendered pins/index.html.erb within layouts/application (Duration: 22.9ms | Allocations: 3554)
  Rendered layout layouts/application.html.erb (Duration: 29.6ms | Allocations: 5253)
Completed 200 OK in 32ms (Views: 28.1ms | ActiveRecord: 2.5ms | Allocations: 5616)


Started GET "/pins" for 127.0.0.1 at 2022-11-05 12:36:40 +0200
Processing by PinsController#index as HTML
  Rendering layout layouts/application.html.erb
  Rendering pins/index.html.erb within layouts/application
  [1m[36mPin Load (0.5ms)[0m  [1m[34mSELECT "pins".* FROM "pins"[0m
  ↳ app/views/pins/index.html.erb:6
  [1m[36mActionText::RichText Load (0.7ms)[0m  [1m[34mSELECT "action_text_rich_texts".* FROM "action_text_rich_texts" WHERE "action_text_rich_texts"."record_id" = $1 AND "action_text_rich_texts"."record_type" = $2 AND "action_text_rich_texts"."name" = $3 LIMIT $4[0m  [["record_id", 1], ["record_type", "Pin"], ["name", "body"], ["LIMIT", 1]]
  ↳ app/views/pins/_pin.html.erb:9
  Rendered /home/anicetfantomas/.rbenv/versions/3.1.2/lib/ruby/gems/3.1.0/gems/actiontext-7.0.3.1/app/views/action_text/contents/_content.html.erb within layouts/action_text/contents/_content (Duration: 1.7ms | Allocations: 323)
  [1m[36mActiveStorage::Attachment Load (0.5ms)[0m  [1m[34mSELECT "active_storage_attachments".* FROM "active_storage_attachments" WHERE "active_storage_attachments"."record_id" = $1 AND "active_storage_attachments"."record_type" = $2 AND "active_storage_attachments"."name" = $3 LIMIT $4[0m  [["record_id", 1], ["record_type", "Pin"], ["name", "image"], ["LIMIT", 1]]
  ↳ app/views/pins/_pin.html.erb:15
  [1m[36mActiveStorage::Blob Load (0.6ms)[0m  [1m[34mSELECT "active_storage_blobs".* FROM "active_storage_blobs" WHERE "active_storage_blobs"."id" = $1 LIMIT $2[0m  [["id", 1], ["LIMIT", 1]]
  ↳ app/views/pins/_pin.html.erb:15
  [1m[36mActiveStorage::Attachment Load (0.8ms)[0m  [1m[34mSELECT "active_storage_attachments".* FROM "active_storage_attachments" WHERE "active_storage_attachments"."record_id" = $1 AND "active_storage_attachments"."record_type" = $2 AND "active_storage_attachments"."name" = $3[0m  [["record_id", 1], ["record_type", "Pin"], ["name", "pictures"]]
  ↳ app/views/pins/_pin.html.erb:18
  Rendered pins/_pin.html.erb (Duration: 29.2ms | Allocations: 6339)
  Rendered pins/index.html.erb within layouts/application (Duration: 36.0ms | Allocations: 7790)
  Rendered layout layouts/application.html.erb (Duration: 41.8ms | Allocations: 9835)
Completed 200 OK in 46ms (Views: 41.6ms | ActiveRecord: 3.1ms | Allocations: 10686)


Started GET "/rails/active_storage/blobs/redirect/eyJfcmFpbHMiOnsibWVzc2FnZSI6IkJBaHBCZz09IiwiZXhwIjpudWxsLCJwdXIiOiJibG9iX2lkIn19--d0533f23e522a9db0ccd88d4d11bffa31c95e79f/94958024.jpeg" for 127.0.0.1 at 2022-11-05 12:36:40 +0200
Processing by ActiveStorage::Blobs::RedirectController#show as JPEG
  Parameters: {"signed_id"=>"eyJfcmFpbHMiOnsibWVzc2FnZSI6IkJBaHBCZz09IiwiZXhwIjpudWxsLCJwdXIiOiJibG9iX2lkIn19--d0533f23e522a9db0ccd88d4d11bffa31c95e79f", "filename"=>"94958024"}
  [1m[36mActiveStorage::Blob Load (0.6ms)[0m  [1m[34mSELECT "active_storage_blobs".* FROM "active_storage_blobs" WHERE "active_storage_blobs"."id" = $1 LIMIT $2[0m  [["id", 1], ["LIMIT", 1]]
[36m  Disk Storage (1.8ms) [0m[34mGenerated URL for file at key: qyjciulp7sl8t4j0q7624nfl1gji (http://127.0.0.1:3000/rails/active_storage/disk/eyJfcmFpbHMiOnsibWVzc2FnZSI6IkJBaDdDVG9JYTJWNVNTSWhjWGxxWTJsMWJIQTNjMnc0ZERScU1IRTNOakkwYm1ac01XZHFhUVk2QmtWVU9oQmthWE53YjNOcGRHbHZia2tpUldsdWJHbHVaVHNnWm1sc1pXNWhiV1U5SWprME9UVTRNREkwTG1wd1pXY2lPeUJtYVd4bGJtRnRaU285VlZSR0xUZ25KemswT1RVNE1ESTBMbXB3WldjR093WlVPaEZqYjI1MFpXNTBYM1I1Y0dWSklnOXBiV0ZuWlM5cWNHVm5CanNHVkRvUmMyVnlkbWxqWlY5dVlXMWxPZ3BzYjJOaGJBPT0iLCJleHAiOiIyMDIyLTExLTA1VDEwOjQxOjQwLjU0OVoiLCJwdXIiOiJibG9iX2tleSJ9fQ==--2eceb28daf4cef2a46e6ede1e5dad99ec16c9b33/94958024.jpeg)[0m
Redirected to http://127.0.0.1:3000/rails/active_storage/disk/eyJfcmFpbHMiOnsibWVzc2FnZSI6IkJBaDdDVG9JYTJWNVNTSWhjWGxxWTJsMWJIQTNjMnc0ZERScU1IRTNOakkwYm1ac01XZHFhUVk2QmtWVU9oQmthWE53YjNOcGRHbHZia2tpUldsdWJHbHVaVHNnWm1sc1pXNWhiV1U5SWprME9UVTRNREkwTG1wd1pXY2lPeUJtYVd4bGJtRnRaU285VlZSR0xUZ25KemswT1RVNE1ESTBMbXB3WldjR093WlVPaEZqYjI1MFpXNTBYM1I1Y0dWSklnOXBiV0ZuWlM5cWNHVm5CanNHVkRvUmMyVnlkbWxqWlY5dVlXMWxPZ3BzYjJOaGJBPT0iLCJleHAiOiIyMDIyLTExLTA1VDEwOjQxOjQwLjU0OVoiLCJwdXIiOiJibG9iX2tleSJ9fQ==--2eceb28daf4cef2a46e6ede1e5dad99ec16c9b33/94958024.jpeg
Completed 302 Found in 18ms (ActiveRecord: 0.6ms | Allocations: 2755)


Started GET "/rails/active_storage/disk/eyJfcmFpbHMiOnsibWVzc2FnZSI6IkJBaDdDVG9JYTJWNVNTSWhjWGxxWTJsMWJIQTNjMnc0ZERScU1IRTNOakkwYm1ac01XZHFhUVk2QmtWVU9oQmthWE53YjNOcGRHbHZia2tpUldsdWJHbHVaVHNnWm1sc1pXNWhiV1U5SWprME9UVTRNREkwTG1wd1pXY2lPeUJtYVd4bGJtRnRaU285VlZSR0xUZ25KemswT1RVNE1ESTBMbXB3WldjR093WlVPaEZqYjI1MFpXNTBYM1I1Y0dWSklnOXBiV0ZuWlM5cWNHVm5CanNHVkRvUmMyVnlkbWxqWlY5dVlXMWxPZ3BzYjJOaGJBPT0iLCJleHAiOiIyMDIyLTExLTA1VDEwOjQxOjQwLjU0OVoiLCJwdXIiOiJibG9iX2tleSJ9fQ==--2eceb28daf4cef2a46e6ede1e5dad99ec16c9b33/94958024.jpeg" for 127.0.0.1 at 2022-11-05 12:36:40 +0200
Processing by ActiveStorage::DiskController#show as JPEG
  Parameters: {"encoded_key"=>"[FILTERED]", "filename"=>"94958024"}
Completed 200 OK in 2ms (ActiveRecord: 0.0ms | Allocations: 307)


